<?xml version="1.0" encoding="UTF-8"?>
<!-- Generated by org.testng.reporters.JUnitXMLReporter -->
<testsuite ignored="1" hostname="muhammeds-MacBook-Pro.local" failures="0" tests="7" name="Test" time="0.215" errors="0" timestamp="2023-02-02T06:14:28 EST">
  <testcase classname="com.neotech.lesson02.EnableAndDisable" name="firstTest" time="0.026"/>
  <testcase classname="com.neotech.lesson02.EnableAndDisable" name="thirdTest" time="0.009"/>
  <testcase classname="com.neotech.lesson02.EnableAndDisable" name="fourthTest" time="0.008"/>
  <testcase classname="com.neotech.lesson02.PriorityDemo" name="firstTest" time="0.005"/>
  <testcase classname="com.neotech.lesson02.PriorityDemo" name="secondTest" time="0.009"/>
  <testcase classname="com.neotech.lesson02.PriorityDemo" name="thirdTest" time="0.002"/>
  <testcase classname="com.neotech.lesson02.PriorityDemo" name="fourthTest" time="0.004"/>
  <testcase classname="com.neotech.lesson02.EnableAndDisable" name="secondTest" time="0.0">
    <ignored/>
  </testcase> <!-- secondTest -->
</testsuite> <!-- Test -->
