<?xml version="1.0" encoding="UTF-8"?>
<!-- Generated by org.testng.reporters.JUnitXMLReporter -->
<testsuite ignored="14" hostname="muhammeds-MacBook-Pro.local" failures="0" tests="2" name="groupdemoTest" time="1.057" errors="0" timestamp="2023-02-14T11:12:14 EST">
  <testcase classname="com.neotech.testcases.GroupsDemo" name="test1" time="0.009"/>
  <testcase classname="com.neotech.testcases.GroupsDemo" name="test2" time="0.002"/>
  <testcase classname="com.neotech.testcases.DataProviderDemo" name="printInformation" time="0.0">
    <ignored/>
  </testcase> <!-- printInformation -->
  <testcase classname="com.neotech.testcases.AssertionDemo" name="softAssert" time="0.0">
    <ignored/>
  </testcase> <!-- softAssert -->
  <testcase classname="com.neotech.testbase.BaseClass" name="@BeforeTest generateReport" time="0.0">
    <ignored/>
  </testcase> <!-- @BeforeTest generateReport -->
  <testcase classname="com.neotech.testcases.AddEmployeeTest" name="addEmployee" time="0.0">
    <ignored/>
  </testcase> <!-- addEmployee -->
  <testcase classname="com.neotech.testcases.Annotations" name="test1" time="0.0">
    <ignored/>
  </testcase> <!-- test1 -->
  <testcase classname="com.neotech.testcases.AssertionDemo" name="test1" time="0.0">
    <ignored/>
  </testcase> <!-- test1 -->
  <testcase classname="com.neotech.testcases.LoginTest" name="validLogin" time="0.0">
    <ignored/>
  </testcase> <!-- validLogin -->
  <testcase classname="com.neotech.testcases.LoginTest" name="invalidPasswordLogin" time="0.0">
    <ignored/>
  </testcase> <!-- invalidPasswordLogin -->
  <testcase classname="com.neotech.testcases.AssertionDemo" name="test2" time="0.0">
    <ignored/>
  </testcase> <!-- test2 -->
  <testcase classname="com.neotech.testcases.LoginTest" name="emptyPasswordLogin" time="0.0">
    <ignored/>
  </testcase> <!-- emptyPasswordLogin -->
  <testcase classname="com.neotech.testcases.AssertionDemo" name="test3" time="0.0">
    <ignored/>
  </testcase> <!-- test3 -->
  <testcase classname="com.neotech.testcases.AssertionDemo" name="test4" time="0.0">
    <ignored/>
  </testcase> <!-- test4 -->
  <testcase classname="com.neotech.testbase.BaseClass" name="@AfterTest writeReport" time="0.0">
    <ignored/>
  </testcase> <!-- @AfterTest writeReport -->
  <testcase classname="com.neotech.testcases.Annotations" name="test2" time="0.0">
    <ignored/>
  </testcase> <!-- test2 -->
</testsuite> <!-- groupdemoTest -->
