<?xml version="1.0" encoding="UTF-8"?>
<testng-results ignored="14" total="16" passed="2" failed="0" skipped="0">
  <reporter-output>
  </reporter-output>
  <suite started-at="2023-02-14T11:12:13 EST" name="groupdemoSuite" finished-at="2023-02-14T11:12:14 EST" duration-ms="1057">
    <groups>
      <group name="group2">
        <method signature="GroupsDemo.test1()[pri:2, instance:com.neotech.testcases.GroupsDemo@f6efaab]" name="test1" class="com.neotech.testcases.GroupsDemo"/>
      </group> <!-- group2 -->
      <group name="group1">
        <method signature="GroupsDemo.test1()[pri:2, instance:com.neotech.testcases.GroupsDemo@f6efaab]" name="test1" class="com.neotech.testcases.GroupsDemo"/>
        <method signature="GroupsDemo.test2()[pri:1, instance:com.neotech.testcases.GroupsDemo@f6efaab]" name="test2" class="com.neotech.testcases.GroupsDemo"/>
      </group> <!-- group1 -->
    </groups>
    <test started-at="2023-02-14T11:12:13 EST" name="groupdemoTest" finished-at="2023-02-14T11:12:14 EST" duration-ms="1057">
      <class name="com.neotech.testcases.LoginTest">
        <test-method is-config="true" signature="generateReport()[pri:0, instance:com.neotech.testcases.LoginTest@38d8f54a]" started-at="2023-02-14T11:12:13 EST" name="generateReport" finished-at="2023-02-14T11:12:13 EST" duration-ms="421" status="PASS">
          <reporter-output>
          </reporter-output>
        </test-method> <!-- generateReport -->
        <test-method is-config="true" signature="writeReport()[pri:0, instance:com.neotech.testcases.LoginTest@38d8f54a]" started-at="2023-02-14T11:12:13 EST" name="writeReport" finished-at="2023-02-14T11:12:14 EST" duration-ms="505" status="PASS">
          <reporter-output>
          </reporter-output>
        </test-method> <!-- writeReport -->
      </class> <!-- com.neotech.testcases.LoginTest -->
      <class name="com.neotech.testcases.GroupsDemo">
        <test-method is-config="true" signature="beforeTest()[pri:0, instance:com.neotech.testcases.GroupsDemo@f6efaab]" started-at="2023-02-14T11:12:13 EST" name="beforeTest" finished-at="2023-02-14T11:12:13 EST" duration-ms="1" status="PASS">
          <reporter-output>
          </reporter-output>
        </test-method> <!-- beforeTest -->
        <test-method is-config="true" signature="beforeMethod()[pri:0, instance:com.neotech.testcases.GroupsDemo@f6efaab]" started-at="2023-02-14T11:12:13 EST" name="beforeMethod" finished-at="2023-02-14T11:12:13 EST" duration-ms="0" status="PASS">
          <reporter-output>
          </reporter-output>
        </test-method> <!-- beforeMethod -->
        <test-method signature="test1()[pri:2, instance:com.neotech.testcases.GroupsDemo@f6efaab]" started-at="2023-02-14T11:12:13 EST" name="test1" finished-at="2023-02-14T11:12:13 EST" duration-ms="9" status="PASS">
          <reporter-output>
          </reporter-output>
        </test-method> <!-- test1 -->
        <test-method is-config="true" signature="afterMethod()[pri:0, instance:com.neotech.testcases.GroupsDemo@f6efaab]" started-at="2023-02-14T11:12:13 EST" name="afterMethod" finished-at="2023-02-14T11:12:13 EST" duration-ms="1" status="PASS">
          <reporter-output>
          </reporter-output>
        </test-method> <!-- afterMethod -->
        <test-method is-config="true" signature="beforeMethod()[pri:0, instance:com.neotech.testcases.GroupsDemo@f6efaab]" started-at="2023-02-14T11:12:13 EST" name="beforeMethod" finished-at="2023-02-14T11:12:13 EST" duration-ms="1" status="PASS">
          <reporter-output>
          </reporter-output>
        </test-method> <!-- beforeMethod -->
        <test-method signature="test2()[pri:1, instance:com.neotech.testcases.GroupsDemo@f6efaab]" started-at="2023-02-14T11:12:13 EST" name="test2" finished-at="2023-02-14T11:12:13 EST" depends-on-methods="com.neotech.testcases.GroupsDemo.test1" duration-ms="2" status="PASS">
          <reporter-output>
          </reporter-output>
        </test-method> <!-- test2 -->
        <test-method is-config="true" signature="afterMethod()[pri:0, instance:com.neotech.testcases.GroupsDemo@f6efaab]" started-at="2023-02-14T11:12:13 EST" name="afterMethod" finished-at="2023-02-14T11:12:13 EST" duration-ms="2" status="PASS">
          <reporter-output>
          </reporter-output>
        </test-method> <!-- afterMethod -->
        <test-method is-config="true" signature="afterTest()[pri:0, instance:com.neotech.testcases.GroupsDemo@f6efaab]" started-at="2023-02-14T11:12:14 EST" name="afterTest" finished-at="2023-02-14T11:12:14 EST" duration-ms="0" status="PASS">
          <reporter-output>
          </reporter-output>
        </test-method> <!-- afterTest -->
      </class> <!-- com.neotech.testcases.GroupsDemo -->
    </test> <!-- groupdemoTest -->
  </suite> <!-- groupdemoSuite -->
</testng-results>
